  [4;36;1mSQL (0.2ms)[0m   [0;1m SELECT name
 FROM sqlite_master
 WHERE type = 'table' AND NOT name = 'sqlite_sequence'
[0m
  [4;35;1mSQL (0.1ms)[0m   [0mselect sqlite_version(*)[0m
  [4;36;1mSQL (5.5ms)[0m   [0;1mCREATE TABLE "schema_migrations" ("version" varchar(255) NOT NULL) [0m
  [4;35;1mSQL (0.1ms)[0m   [0mPRAGMA index_list("schema_migrations")[0m
  [4;36;1mSQL (1.6ms)[0m   [0;1mCREATE UNIQUE INDEX "unique_schema_migrations" ON "schema_migrations" ("version")[0m
  [4;35;1mSQL (0.1ms)[0m   [0m SELECT name
 FROM sqlite_master
 WHERE type = 'table' AND NOT name = 'sqlite_sequence'
[0m
  [4;36;1mSQL (0.1ms)[0m   [0;1mSELECT version FROM schema_migrations[0m
Migrating to CreateWords (20121004012510)
  [4;35;1mSQL (0.3ms)[0m   [0mCREATE TABLE "words" ("id" INTEGER PRIMARY KEY AUTOINCREMENT NOT NULL, "name" varchar(255), "count" integer, "created_at" datetime, "updated_at" datetime) [0m
  [4;36;1mSQL (0.1ms)[0m   [0;1mINSERT INTO schema_migrations (version) VALUES ('20121004012510')[0m
  [4;35;1mSQL (0.1ms)[0m   [0m SELECT name
 FROM sqlite_master
 WHERE type = 'table' AND NOT name = 'sqlite_sequence'
[0m
  [4;36;1mSQL (0.1ms)[0m   [0;1mSELECT version FROM schema_migrations[0m
  [4;35;1mSQL (0.1ms)[0m   [0m SELECT name
 FROM sqlite_master
 WHERE type = 'table' AND NOT name = 'sqlite_sequence'
[0m
  [4;36;1mSQL (0.0ms)[0m   [0;1mPRAGMA index_list("words")[0m


Processing WordsController#index (for 127.0.0.1 at 2012-10-03 20:25:30) [GET]
  [4;36;1mWord Load (0.3ms)[0m   [0;1mSELECT * FROM "words" [0m
Rendering template within layouts/words
Rendering words/index
Completed in 10ms (View: 7, DB: 0) | 200 OK [http://localhost/words]


Processing WordsController#new (for 127.0.0.1 at 2012-10-03 20:25:31) [GET]
Rendering template within layouts/words
Rendering words/new
Completed in 12ms (View: 9, DB: 0) | 200 OK [http://localhost/words/new]


Processing WordsController#index (for 127.0.0.1 at 2012-10-03 20:25:44) [GET]
  [4;35;1mWord Load (0.3ms)[0m   [0mSELECT * FROM "words" [0m
Rendering template within layouts/words
Rendering words/index
Completed in 4ms (View: 1, DB: 0) | 200 OK [http://localhost/words]


Processing HomeController#index (for 127.0.0.1 at 2012-10-03 20:27:43) [GET]
Rendering home/index
Completed in 5ms (View: 4, DB: 0) | 200 OK [http://localhost/home]


Processing HomeController#index (for 127.0.0.1 at 2012-10-03 20:29:52) [GET]
Rendering home/index
Completed in 4ms (View: 3, DB: 0) | 200 OK [http://localhost/home]


Processing HomeController#index (for 127.0.0.1 at 2012-10-03 20:31:48) [GET]
Rendering home/index
Completed in 4ms (View: 4, DB: 0) | 200 OK [http://localhost/home]


Processing ApplicationController#index (for 127.0.0.1 at 2012-10-03 20:32:38) [POST]
  Parameters: {"authenticity_token"=>"DyNzINE5rNKiDD6ToLOoBKzGzcK2yROWKDeAKjcOh3A=", "commit"=>"Go", "site"=>""}

ActionController::RoutingError (No route matches "/crawl" with {:method=>:post}):
  /System/Library/Frameworks/Ruby.framework/Versions/1.8/usr/lib/ruby/1.8/webrick/httpserver.rb:104:in `service'
  /System/Library/Frameworks/Ruby.framework/Versions/1.8/usr/lib/ruby/1.8/webrick/httpserver.rb:65:in `run'
  /System/Library/Frameworks/Ruby.framework/Versions/1.8/usr/lib/ruby/1.8/webrick/server.rb:173:in `start_thread'
  /System/Library/Frameworks/Ruby.framework/Versions/1.8/usr/lib/ruby/1.8/webrick/server.rb:162:in `start'
  /System/Library/Frameworks/Ruby.framework/Versions/1.8/usr/lib/ruby/1.8/webrick/server.rb:162:in `start_thread'
  /System/Library/Frameworks/Ruby.framework/Versions/1.8/usr/lib/ruby/1.8/webrick/server.rb:95:in `start'
  /System/Library/Frameworks/Ruby.framework/Versions/1.8/usr/lib/ruby/1.8/webrick/server.rb:92:in `each'
  /System/Library/Frameworks/Ruby.framework/Versions/1.8/usr/lib/ruby/1.8/webrick/server.rb:92:in `start'
  /System/Library/Frameworks/Ruby.framework/Versions/1.8/usr/lib/ruby/1.8/webrick/server.rb:23:in `start'
  /System/Library/Frameworks/Ruby.framework/Versions/1.8/usr/lib/ruby/1.8/webrick/server.rb:82:in `start'

Rendering rescues/layout (not_found)


Processing ApplicationController#index (for 127.0.0.1 at 2012-10-03 22:23:39) [POST]
  Parameters: {"authenticity_token"=>"DyNzINE5rNKiDD6ToLOoBKzGzcK2yROWKDeAKjcOh3A=", "commit"=>"Go", "site"=>""}

ActionController::RoutingError (No route matches "/crawl" with {:method=>:post}):
  /System/Library/Frameworks/Ruby.framework/Versions/1.8/usr/lib/ruby/1.8/webrick/httpserver.rb:104:in `service'
  /System/Library/Frameworks/Ruby.framework/Versions/1.8/usr/lib/ruby/1.8/webrick/httpserver.rb:65:in `run'
  /System/Library/Frameworks/Ruby.framework/Versions/1.8/usr/lib/ruby/1.8/webrick/server.rb:173:in `start_thread'
  /System/Library/Frameworks/Ruby.framework/Versions/1.8/usr/lib/ruby/1.8/webrick/server.rb:162:in `start'
  /System/Library/Frameworks/Ruby.framework/Versions/1.8/usr/lib/ruby/1.8/webrick/server.rb:162:in `start_thread'
  /System/Library/Frameworks/Ruby.framework/Versions/1.8/usr/lib/ruby/1.8/webrick/server.rb:95:in `start'
  /System/Library/Frameworks/Ruby.framework/Versions/1.8/usr/lib/ruby/1.8/webrick/server.rb:92:in `each'
  /System/Library/Frameworks/Ruby.framework/Versions/1.8/usr/lib/ruby/1.8/webrick/server.rb:92:in `start'
  /System/Library/Frameworks/Ruby.framework/Versions/1.8/usr/lib/ruby/1.8/webrick/server.rb:23:in `start'
  /System/Library/Frameworks/Ruby.framework/Versions/1.8/usr/lib/ruby/1.8/webrick/server.rb:82:in `start'

Rendering rescues/layout (not_found)


Processing HomeController#index (for 127.0.0.1 at 2012-10-03 23:18:12) [GET]
Rendering home/index
Completed in 25ms (View: 24, DB: 0) | 200 OK [http://localhost/]


Processing HomeController#index (for 127.0.0.1 at 2012-10-04 16:23:44) [GET]
Rendering home/index
Completed in 29ms (View: 28, DB: 0) | 200 OK [http://localhost/]


Processing ApplicationController#index (for 127.0.0.1 at 2012-10-04 16:23:47) [POST]
  Parameters: {"commit"=>"Go", "site"=>"blah", "authenticity_token"=>"DyNzINE5rNKiDD6ToLOoBKzGzcK2yROWKDeAKjcOh3A="}

ActionController::RoutingError (No route matches "/crawl" with {:method=>:post}):
  /System/Library/Frameworks/Ruby.framework/Versions/1.8/usr/lib/ruby/1.8/webrick/httpserver.rb:104:in `service'
  /System/Library/Frameworks/Ruby.framework/Versions/1.8/usr/lib/ruby/1.8/webrick/httpserver.rb:65:in `run'
  /System/Library/Frameworks/Ruby.framework/Versions/1.8/usr/lib/ruby/1.8/webrick/server.rb:173:in `start_thread'
  /System/Library/Frameworks/Ruby.framework/Versions/1.8/usr/lib/ruby/1.8/webrick/server.rb:162:in `start'
  /System/Library/Frameworks/Ruby.framework/Versions/1.8/usr/lib/ruby/1.8/webrick/server.rb:162:in `start_thread'
  /System/Library/Frameworks/Ruby.framework/Versions/1.8/usr/lib/ruby/1.8/webrick/server.rb:95:in `start'
  /System/Library/Frameworks/Ruby.framework/Versions/1.8/usr/lib/ruby/1.8/webrick/server.rb:92:in `each'
  /System/Library/Frameworks/Ruby.framework/Versions/1.8/usr/lib/ruby/1.8/webrick/server.rb:92:in `start'
  /System/Library/Frameworks/Ruby.framework/Versions/1.8/usr/lib/ruby/1.8/webrick/server.rb:23:in `start'
  /System/Library/Frameworks/Ruby.framework/Versions/1.8/usr/lib/ruby/1.8/webrick/server.rb:82:in `start'

Rendering rescues/layout (not_found)


Processing HomeController#index (for 127.0.0.1 at 2012-10-04 16:29:29) [GET]
Rendering home/index
Completed in 6ms (View: 5, DB: 0) | 200 OK [http://localhost/]


Processing HomeController#crawl (for 127.0.0.1 at 2012-10-04 16:29:31) [POST]
  Parameters: {"site"=>"adsf", "commit"=>"Go", "authenticity_token"=>"DyNzINE5rNKiDD6ToLOoBKzGzcK2yROWKDeAKjcOh3A="}

ActionView::MissingTemplate (Missing template home/crawl.erb in view path app/views):
  /System/Library/Frameworks/Ruby.framework/Versions/1.8/usr/lib/ruby/1.8/webrick/httpserver.rb:104:in `service'
  /System/Library/Frameworks/Ruby.framework/Versions/1.8/usr/lib/ruby/1.8/webrick/httpserver.rb:65:in `run'
  /System/Library/Frameworks/Ruby.framework/Versions/1.8/usr/lib/ruby/1.8/webrick/server.rb:173:in `start_thread'
  /System/Library/Frameworks/Ruby.framework/Versions/1.8/usr/lib/ruby/1.8/webrick/server.rb:162:in `start'
  /System/Library/Frameworks/Ruby.framework/Versions/1.8/usr/lib/ruby/1.8/webrick/server.rb:162:in `start_thread'
  /System/Library/Frameworks/Ruby.framework/Versions/1.8/usr/lib/ruby/1.8/webrick/server.rb:95:in `start'
  /System/Library/Frameworks/Ruby.framework/Versions/1.8/usr/lib/ruby/1.8/webrick/server.rb:92:in `each'
  /System/Library/Frameworks/Ruby.framework/Versions/1.8/usr/lib/ruby/1.8/webrick/server.rb:92:in `start'
  /System/Library/Frameworks/Ruby.framework/Versions/1.8/usr/lib/ruby/1.8/webrick/server.rb:23:in `start'
  /System/Library/Frameworks/Ruby.framework/Versions/1.8/usr/lib/ruby/1.8/webrick/server.rb:82:in `start'

Rendering rescues/layout (internal_server_error)


Processing HomeController#crawl (for 127.0.0.1 at 2012-10-04 16:30:03) [POST]
  Parameters: {"site"=>"adsf", "commit"=>"Go", "authenticity_token"=>"DyNzINE5rNKiDD6ToLOoBKzGzcK2yROWKDeAKjcOh3A="}

ActionView::MissingTemplate (Missing template home/crawl.erb in view path app/views):
  /System/Library/Frameworks/Ruby.framework/Versions/1.8/usr/lib/ruby/1.8/webrick/httpserver.rb:104:in `service'
  /System/Library/Frameworks/Ruby.framework/Versions/1.8/usr/lib/ruby/1.8/webrick/httpserver.rb:65:in `run'
  /System/Library/Frameworks/Ruby.framework/Versions/1.8/usr/lib/ruby/1.8/webrick/server.rb:173:in `start_thread'
  /System/Library/Frameworks/Ruby.framework/Versions/1.8/usr/lib/ruby/1.8/webrick/server.rb:162:in `start'
  /System/Library/Frameworks/Ruby.framework/Versions/1.8/usr/lib/ruby/1.8/webrick/server.rb:162:in `start_thread'
  /System/Library/Frameworks/Ruby.framework/Versions/1.8/usr/lib/ruby/1.8/webrick/server.rb:95:in `start'
  /System/Library/Frameworks/Ruby.framework/Versions/1.8/usr/lib/ruby/1.8/webrick/server.rb:92:in `each'
  /System/Library/Frameworks/Ruby.framework/Versions/1.8/usr/lib/ruby/1.8/webrick/server.rb:92:in `start'
  /System/Library/Frameworks/Ruby.framework/Versions/1.8/usr/lib/ruby/1.8/webrick/server.rb:23:in `start'
  /System/Library/Frameworks/Ruby.framework/Versions/1.8/usr/lib/ruby/1.8/webrick/server.rb:82:in `start'

Rendering rescues/layout (internal_server_error)


Processing HomeController#crawl (for 127.0.0.1 at 2012-10-04 16:30:36) [POST]
  Parameters: {"site"=>"adsf", "commit"=>"Go", "authenticity_token"=>"DyNzINE5rNKiDD6ToLOoBKzGzcK2yROWKDeAKjcOh3A="}
Rendering home/crawl
Completed in 36ms (View: 35, DB: 0) | 200 OK [http://localhost/crawl]


Processing HomeController#crawl (for 127.0.0.1 at 2012-10-04 17:32:16) [GET]
Rendering home/crawl
Completed in 1ms (View: 0, DB: 0) | 200 OK [http://localhost/crawl]


Processing HomeController#index (for 127.0.0.1 at 2012-10-04 17:32:20) [GET]
Rendering home/index
Completed in 2ms (View: 1, DB: 0) | 200 OK [http://localhost/]


Processing HomeController#crawl (for 127.0.0.1 at 2012-10-04 17:32:22) [POST]
  Parameters: {"site"=>"adsfs", "commit"=>"Go", "authenticity_token"=>"DyNzINE5rNKiDD6ToLOoBKzGzcK2yROWKDeAKjcOh3A="}
Rendering home/crawl
Completed in 2ms (View: 0, DB: 0) | 200 OK [http://localhost/crawl]


Processing ApplicationController#crawl (for 127.0.0.1 at 2012-10-04 17:32:29) [GET]

MissingSourceFile (no such file to load -- nokogirisd):
  app/controllers/home_controller.rb:1
  /System/Library/Frameworks/Ruby.framework/Versions/1.8/usr/lib/ruby/1.8/webrick/httpserver.rb:104:in `service'
  /System/Library/Frameworks/Ruby.framework/Versions/1.8/usr/lib/ruby/1.8/webrick/httpserver.rb:65:in `run'
  /System/Library/Frameworks/Ruby.framework/Versions/1.8/usr/lib/ruby/1.8/webrick/server.rb:173:in `start_thread'
  /System/Library/Frameworks/Ruby.framework/Versions/1.8/usr/lib/ruby/1.8/webrick/server.rb:162:in `start'
  /System/Library/Frameworks/Ruby.framework/Versions/1.8/usr/lib/ruby/1.8/webrick/server.rb:162:in `start_thread'
  /System/Library/Frameworks/Ruby.framework/Versions/1.8/usr/lib/ruby/1.8/webrick/server.rb:95:in `start'
  /System/Library/Frameworks/Ruby.framework/Versions/1.8/usr/lib/ruby/1.8/webrick/server.rb:92:in `each'
  /System/Library/Frameworks/Ruby.framework/Versions/1.8/usr/lib/ruby/1.8/webrick/server.rb:92:in `start'
  /System/Library/Frameworks/Ruby.framework/Versions/1.8/usr/lib/ruby/1.8/webrick/server.rb:23:in `start'
  /System/Library/Frameworks/Ruby.framework/Versions/1.8/usr/lib/ruby/1.8/webrick/server.rb:82:in `start'

Rendered rescues/_trace (49.6ms)
Rendered rescues/_request_and_response (0.8ms)
Rendering rescues/layout (internal_server_error)


Processing HomeController#crawl (for 127.0.0.1 at 2012-10-04 17:42:49) [GET]
Rendering home/crawl
Completed in 4ms (View: 3, DB: 0) | 200 OK [http://localhost/crawl]


Processing HomeController#index (for 127.0.0.1 at 2012-10-04 17:42:52) [GET]
Rendering home/index
Completed in 2ms (View: 1, DB: 0) | 200 OK [http://localhost/]


Processing HomeController#crawl (for 127.0.0.1 at 2012-10-04 17:42:54) [POST]
  Parameters: {"site"=>"asdfsdf", "commit"=>"Go", "authenticity_token"=>"DyNzINE5rNKiDD6ToLOoBKzGzcK2yROWKDeAKjcOh3A="}
Rendering home/crawl
Completed in 1ms (View: 0, DB: 0) | 200 OK [http://localhost/crawl]


Processing HomeController#crawl (for 127.0.0.1 at 2012-10-04 17:43:43) [POST]
  Parameters: {"site"=>"asdfsdf", "commit"=>"Go", "authenticity_token"=>"DyNzINE5rNKiDD6ToLOoBKzGzcK2yROWKDeAKjcOh3A="}
Rendering home/crawl
Completed in 4ms (View: 2, DB: 0) | 200 OK [http://localhost/crawl]


Processing HomeController#index (for 127.0.0.1 at 2012-10-04 17:45:51) [GET]
Rendering home/index
Completed in 2ms (View: 1, DB: 0) | 200 OK [http://localhost/]


Processing HomeController#crawl (for 127.0.0.1 at 2012-10-04 17:45:53) [POST]
  Parameters: {"site"=>"asdf", "commit"=>"Go", "authenticity_token"=>"DyNzINE5rNKiDD6ToLOoBKzGzcK2yROWKDeAKjcOh3A="}
Rendering home/crawl
Completed in 2ms (View: 0, DB: 0) | 200 OK [http://localhost/crawl]


Processing HomeController#crawl (for 127.0.0.1 at 2012-10-04 17:50:51) [POST]
  Parameters: {"site"=>"asdf", "commit"=>"Go", "authenticity_token"=>"DyNzINE5rNKiDD6ToLOoBKzGzcK2yROWKDeAKjcOh3A="}
Rendering home/crawl

ActionController::DoubleRenderError (Can only render or redirect once per action):
  app/controllers/home_controller.rb:17:in `crawl'
  /System/Library/Frameworks/Ruby.framework/Versions/1.8/usr/lib/ruby/1.8/webrick/httpserver.rb:104:in `service'
  /System/Library/Frameworks/Ruby.framework/Versions/1.8/usr/lib/ruby/1.8/webrick/httpserver.rb:65:in `run'
  /System/Library/Frameworks/Ruby.framework/Versions/1.8/usr/lib/ruby/1.8/webrick/server.rb:173:in `start_thread'
  /System/Library/Frameworks/Ruby.framework/Versions/1.8/usr/lib/ruby/1.8/webrick/server.rb:162:in `start'
  /System/Library/Frameworks/Ruby.framework/Versions/1.8/usr/lib/ruby/1.8/webrick/server.rb:162:in `start_thread'
  /System/Library/Frameworks/Ruby.framework/Versions/1.8/usr/lib/ruby/1.8/webrick/server.rb:95:in `start'
  /System/Library/Frameworks/Ruby.framework/Versions/1.8/usr/lib/ruby/1.8/webrick/server.rb:92:in `each'
  /System/Library/Frameworks/Ruby.framework/Versions/1.8/usr/lib/ruby/1.8/webrick/server.rb:92:in `start'
  /System/Library/Frameworks/Ruby.framework/Versions/1.8/usr/lib/ruby/1.8/webrick/server.rb:23:in `start'
  /System/Library/Frameworks/Ruby.framework/Versions/1.8/usr/lib/ruby/1.8/webrick/server.rb:82:in `start'

Rendered rescues/_trace (52.7ms)
Rendered rescues/_request_and_response (0.2ms)
Rendering rescues/layout (internal_server_error)


Processing HomeController#index (for 127.0.0.1 at 2012-10-04 17:52:03) [GET]
Rendering home/index
Completed in 2ms (View: 1, DB: 0) | 200 OK [http://localhost/]


Processing HomeController#crawl (for 127.0.0.1 at 2012-10-04 17:52:05) [POST]
  Parameters: {"site"=>"asdfd", "commit"=>"Go", "authenticity_token"=>"DyNzINE5rNKiDD6ToLOoBKzGzcK2yROWKDeAKjcOh3A="}
Rendering home/crawl
Completed in 2ms (View: 0, DB: 0) | 200 OK [http://localhost/crawl]


Processing HomeController#index (for 127.0.0.1 at 2012-10-04 17:57:10) [GET]
Rendering home/index
Completed in 2ms (View: 1, DB: 0) | 200 OK [http://localhost/]


Processing HomeController#crawl (for 127.0.0.1 at 2012-10-04 17:57:13) [POST]
  Parameters: {"site"=>"asdf", "commit"=>"Go", "authenticity_token"=>"DyNzINE5rNKiDD6ToLOoBKzGzcK2yROWKDeAKjcOh3A="}
Rendering home/crawl
Completed in 4ms (View: 2, DB: 0) | 200 OK [http://localhost/crawl]


Processing HomeController#index (for 127.0.0.1 at 2012-10-04 17:57:45) [GET]
Rendering home/index
Completed in 2ms (View: 1, DB: 0) | 200 OK [http://localhost/]


Processing HomeController#crawl (for 127.0.0.1 at 2012-10-04 17:57:47) [POST]
  Parameters: {"site"=>"adsfds", "commit"=>"Go", "authenticity_token"=>"DyNzINE5rNKiDD6ToLOoBKzGzcK2yROWKDeAKjcOh3A="}
Rendering home/crawl
Completed in 4ms (View: 2, DB: 0) | 200 OK [http://localhost/crawl]


Processing HomeController#index (for 127.0.0.1 at 2012-10-04 18:01:05) [GET]
Rendering home/index
Completed in 2ms (View: 1, DB: 0) | 200 OK [http://localhost/]


Processing HomeController#crawl (for 127.0.0.1 at 2012-10-04 18:01:08) [POST]
  Parameters: {"site"=>"asdfds", "commit"=>"Go", "authenticity_token"=>"DyNzINE5rNKiDD6ToLOoBKzGzcK2yROWKDeAKjcOh3A="}

NoMethodError (undefined method `write' for "asdfds":String):
  app/controllers/home_controller.rb:15:in `display'
  app/controllers/home_controller.rb:15:in `crawl'
  /System/Library/Frameworks/Ruby.framework/Versions/1.8/usr/lib/ruby/1.8/webrick/httpserver.rb:104:in `service'
  /System/Library/Frameworks/Ruby.framework/Versions/1.8/usr/lib/ruby/1.8/webrick/httpserver.rb:65:in `run'
  /System/Library/Frameworks/Ruby.framework/Versions/1.8/usr/lib/ruby/1.8/webrick/server.rb:173:in `start_thread'
  /System/Library/Frameworks/Ruby.framework/Versions/1.8/usr/lib/ruby/1.8/webrick/server.rb:162:in `start'
  /System/Library/Frameworks/Ruby.framework/Versions/1.8/usr/lib/ruby/1.8/webrick/server.rb:162:in `start_thread'
  /System/Library/Frameworks/Ruby.framework/Versions/1.8/usr/lib/ruby/1.8/webrick/server.rb:95:in `start'
  /System/Library/Frameworks/Ruby.framework/Versions/1.8/usr/lib/ruby/1.8/webrick/server.rb:92:in `each'
  /System/Library/Frameworks/Ruby.framework/Versions/1.8/usr/lib/ruby/1.8/webrick/server.rb:92:in `start'
  /System/Library/Frameworks/Ruby.framework/Versions/1.8/usr/lib/ruby/1.8/webrick/server.rb:23:in `start'
  /System/Library/Frameworks/Ruby.framework/Versions/1.8/usr/lib/ruby/1.8/webrick/server.rb:82:in `start'

Rendered rescues/_trace (18.2ms)
Rendered rescues/_request_and_response (0.3ms)
Rendering rescues/layout (internal_server_error)


Processing HomeController#index (for 127.0.0.1 at 2012-10-04 18:02:41) [GET]
Rendering home/index
Completed in 2ms (View: 1, DB: 0) | 200 OK [http://localhost/]


Processing HomeController#crawl (for 127.0.0.1 at 2012-10-04 18:02:43) [POST]
  Parameters: {"site"=>"adsf", "commit"=>"Go", "authenticity_token"=>"DyNzINE5rNKiDD6ToLOoBKzGzcK2yROWKDeAKjcOh3A="}
Rendering home/display
Completed in 3ms (View: 2, DB: 0) | 200 OK [http://localhost/crawl]


Processing HomeController#crawl (for 127.0.0.1 at 2012-10-04 18:02:47) [POST]
  Parameters: {"site"=>"adsfasd", "commit"=>"Go", "authenticity_token"=>"DyNzINE5rNKiDD6ToLOoBKzGzcK2yROWKDeAKjcOh3A="}
Rendering home/display
Completed in 2ms (View: 0, DB: 0) | 200 OK [http://localhost/crawl]


Processing HomeController#crawl (for 127.0.0.1 at 2012-10-04 18:04:33) [POST]
  Parameters: {"site"=>"https://www.alice.com/press", "commit"=>"Go", "authenticity_token"=>"DyNzINE5rNKiDD6ToLOoBKzGzcK2yROWKDeAKjcOh3A="}
Rendering home/display
Completed in 4ms (View: 3, DB: 0) | 200 OK [http://localhost/crawl]


Processing HomeController#crawl (for 127.0.0.1 at 2012-10-04 18:06:05) [POST]
  Parameters: {"site"=>"https://www.alice.com/press", "commit"=>"Go", "authenticity_token"=>"DyNzINE5rNKiDD6ToLOoBKzGzcK2yROWKDeAKjcOh3A="}

Errno::ENOENT (No such file or directory - https://www.alice.com/press):
  app/controllers/home_controller.rb:11:in `initialize'
  app/controllers/home_controller.rb:11:in `open'
  app/controllers/home_controller.rb:11:in `crawl'
  /System/Library/Frameworks/Ruby.framework/Versions/1.8/usr/lib/ruby/1.8/webrick/httpserver.rb:104:in `service'
  /System/Library/Frameworks/Ruby.framework/Versions/1.8/usr/lib/ruby/1.8/webrick/httpserver.rb:65:in `run'
  /System/Library/Frameworks/Ruby.framework/Versions/1.8/usr/lib/ruby/1.8/webrick/server.rb:173:in `start_thread'
  /System/Library/Frameworks/Ruby.framework/Versions/1.8/usr/lib/ruby/1.8/webrick/server.rb:162:in `start'
  /System/Library/Frameworks/Ruby.framework/Versions/1.8/usr/lib/ruby/1.8/webrick/server.rb:162:in `start_thread'
  /System/Library/Frameworks/Ruby.framework/Versions/1.8/usr/lib/ruby/1.8/webrick/server.rb:95:in `start'
  /System/Library/Frameworks/Ruby.framework/Versions/1.8/usr/lib/ruby/1.8/webrick/server.rb:92:in `each'
  /System/Library/Frameworks/Ruby.framework/Versions/1.8/usr/lib/ruby/1.8/webrick/server.rb:92:in `start'
  /System/Library/Frameworks/Ruby.framework/Versions/1.8/usr/lib/ruby/1.8/webrick/server.rb:23:in `start'
  /System/Library/Frameworks/Ruby.framework/Versions/1.8/usr/lib/ruby/1.8/webrick/server.rb:82:in `start'

Rendered rescues/_trace (54.5ms)
Rendered rescues/_request_and_response (0.2ms)
Rendering rescues/layout (internal_server_error)


Processing HomeController#crawl (for 127.0.0.1 at 2012-10-04 18:08:02) [POST]
  Parameters: {"site"=>"", "commit"=>"Go", "authenticity_token"=>"DyNzINE5rNKiDD6ToLOoBKzGzcK2yROWKDeAKjcOh3A="}

Errno::ENOENT (No such file or directory - http://google.com):
  app/controllers/home_controller.rb:11:in `initialize'
  app/controllers/home_controller.rb:11:in `open'
  app/controllers/home_controller.rb:11:in `crawl'
  /System/Library/Frameworks/Ruby.framework/Versions/1.8/usr/lib/ruby/1.8/webrick/httpserver.rb:104:in `service'
  /System/Library/Frameworks/Ruby.framework/Versions/1.8/usr/lib/ruby/1.8/webrick/httpserver.rb:65:in `run'
  /System/Library/Frameworks/Ruby.framework/Versions/1.8/usr/lib/ruby/1.8/webrick/server.rb:173:in `start_thread'
  /System/Library/Frameworks/Ruby.framework/Versions/1.8/usr/lib/ruby/1.8/webrick/server.rb:162:in `start'
  /System/Library/Frameworks/Ruby.framework/Versions/1.8/usr/lib/ruby/1.8/webrick/server.rb:162:in `start_thread'
  /System/Library/Frameworks/Ruby.framework/Versions/1.8/usr/lib/ruby/1.8/webrick/server.rb:95:in `start'
  /System/Library/Frameworks/Ruby.framework/Versions/1.8/usr/lib/ruby/1.8/webrick/server.rb:92:in `each'
  /System/Library/Frameworks/Ruby.framework/Versions/1.8/usr/lib/ruby/1.8/webrick/server.rb:92:in `start'
  /System/Library/Frameworks/Ruby.framework/Versions/1.8/usr/lib/ruby/1.8/webrick/server.rb:23:in `start'
  /System/Library/Frameworks/Ruby.framework/Versions/1.8/usr/lib/ruby/1.8/webrick/server.rb:82:in `start'

Rendered rescues/_trace (18.0ms)
Rendered rescues/_request_and_response (0.2ms)
Rendering rescues/layout (internal_server_error)


Processing ApplicationController#crawl (for 127.0.0.1 at 2012-10-04 18:10:08) [POST]
  Parameters: {"site"=>"https://www.alice.com/press", "commit"=>"Go", "authenticity_token"=>"DyNzINE5rNKiDD6ToLOoBKzGzcK2yROWKDeAKjcOh3A="}

SyntaxError (/Users/CeleryMan/Documents/Code/rails/words/app/controllers/home_controller.rb:13: syntax error, unexpected tIVAR, expecting ')'
	@output = doc.xpath("//text()").to_s
	       ^):
  /System/Library/Frameworks/Ruby.framework/Versions/1.8/usr/lib/ruby/1.8/webrick/httpserver.rb:104:in `service'
  /System/Library/Frameworks/Ruby.framework/Versions/1.8/usr/lib/ruby/1.8/webrick/httpserver.rb:65:in `run'
  /System/Library/Frameworks/Ruby.framework/Versions/1.8/usr/lib/ruby/1.8/webrick/server.rb:173:in `start_thread'
  /System/Library/Frameworks/Ruby.framework/Versions/1.8/usr/lib/ruby/1.8/webrick/server.rb:162:in `start'
  /System/Library/Frameworks/Ruby.framework/Versions/1.8/usr/lib/ruby/1.8/webrick/server.rb:162:in `start_thread'
  /System/Library/Frameworks/Ruby.framework/Versions/1.8/usr/lib/ruby/1.8/webrick/server.rb:95:in `start'
  /System/Library/Frameworks/Ruby.framework/Versions/1.8/usr/lib/ruby/1.8/webrick/server.rb:92:in `each'
  /System/Library/Frameworks/Ruby.framework/Versions/1.8/usr/lib/ruby/1.8/webrick/server.rb:92:in `start'
  /System/Library/Frameworks/Ruby.framework/Versions/1.8/usr/lib/ruby/1.8/webrick/server.rb:23:in `start'
  /System/Library/Frameworks/Ruby.framework/Versions/1.8/usr/lib/ruby/1.8/webrick/server.rb:82:in `start'

Rendered rescues/_trace (16.7ms)
Rendered rescues/_request_and_response (0.2ms)
Rendering rescues/layout (internal_server_error)


Processing HomeController#crawl (for 127.0.0.1 at 2012-10-04 18:10:28) [POST]
  Parameters: {"site"=>"https://www.alice.com/press", "commit"=>"Go", "authenticity_token"=>"DyNzINE5rNKiDD6ToLOoBKzGzcK2yROWKDeAKjcOh3A="}
Rendering home/display
Completed in 1748ms (View: 3, DB: 0) | 200 OK [http://localhost/crawl]
